Analysis & Synthesis report for rle
Sun May 04 17:12:01 2014
Quartus II 64-Bit Version 13.1.0 Build 162 10/23/2013 SJ Web Edition


---------------------
; Table of Contents ;
---------------------
  1. Legal Notice
  2. Analysis & Synthesis Summary
  3. Analysis & Synthesis Settings
  4. Parallel Compilation
  5. Analysis & Synthesis Source Files Read
  6. Analysis & Synthesis Resource Usage Summary
  7. Analysis & Synthesis Resource Utilization by Entity
  8. State Machine - |rle|initialcounter
  9. Registers Removed During Synthesis
 10. General Register Statistics
 11. Multiplexer Restructuring Statistics (Restructuring Performed)
 12. Elapsed Time Per Partition
 13. Analysis & Synthesis Messages



----------------
; Legal Notice ;
----------------
Copyright (C) 1991-2013 Altera Corporation
Your use of Altera Corporation's design tools, logic functions 
and other software and tools, and its AMPP partner logic 
functions, and any output files from any of the foregoing 
(including device programming or simulation files), and any 
associated documentation or information are expressly subject 
to the terms and conditions of the Altera Program License 
Subscription Agreement, Altera MegaCore Function License 
Agreement, or other applicable license agreement, including, 
without limitation, that your use is for the sole purpose of 
programming logic devices manufactured by Altera and sold by 
Altera or its authorized distributors.  Please refer to the 
applicable agreement for further details.



+--------------------------------------------------------------------------------+
; Analysis & Synthesis Summary                                                   ;
+-----------------------------------+--------------------------------------------+
; Analysis & Synthesis Status       ; Successful - Sun May 04 17:12:01 2014      ;
; Quartus II 64-Bit Version         ; 13.1.0 Build 162 10/23/2013 SJ Web Edition ;
; Revision Name                     ; rle                                        ;
; Top-level Entity Name             ; rle                                        ;
; Family                            ; Arria II GX                                ;
; Logic utilization                 ; N/A                                        ;
;     Combinational ALUTs           ; 109                                        ;
;     Memory ALUTs                  ; 0                                          ;
;     Dedicated logic registers     ; 168                                        ;
; Total registers                   ; 168                                        ;
; Total pins                        ; 214                                        ;
; Total virtual pins                ; 0                                          ;
; Total block memory bits           ; 0                                          ;
; DSP block 18-bit elements         ; 0                                          ;
; Total GXB Receiver Channel PCS    ; 0                                          ;
; Total GXB Receiver Channel PMA    ; 0                                          ;
; Total GXB Transmitter Channel PCS ; 0                                          ;
; Total GXB Transmitter Channel PMA ; 0                                          ;
; Total PLLs                        ; 0                                          ;
; Total DLLs                        ; 0                                          ;
+-----------------------------------+--------------------------------------------+


+---------------------------------------------------------------------------------------------------------------------------+
; Analysis & Synthesis Settings                                                                                             ;
+---------------------------------------------------------------------------------+--------------------+--------------------+
; Option                                                                          ; Setting            ; Default Value      ;
+---------------------------------------------------------------------------------+--------------------+--------------------+
; Device                                                                          ; EP2AGX45DF29I5     ;                    ;
; Top-level entity name                                                           ; rle                ; rle                ;
; Family name                                                                     ; Arria II GX        ; Cyclone IV GX      ;
; Use smart compilation                                                           ; Off                ; Off                ;
; Enable parallel Assembler and TimeQuest Timing Analyzer during compilation      ; On                 ; On                 ;
; Enable compact report table                                                     ; Off                ; Off                ;
; Restructure Multiplexers                                                        ; Auto               ; Auto               ;
; MLAB Add Timing Constraints For Mixed-Port Feed-Through Mode Setting Don't Care ; Off                ; Off                ;
; Create Debugging Nodes for IP Cores                                             ; Off                ; Off                ;
; Preserve fewer node names                                                       ; On                 ; On                 ;
; Disable OpenCore Plus hardware evaluation                                       ; Off                ; Off                ;
; Verilog Version                                                                 ; Verilog_2001       ; Verilog_2001       ;
; VHDL Version                                                                    ; VHDL_1993          ; VHDL_1993          ;
; State Machine Processing                                                        ; Auto               ; Auto               ;
; Safe State Machine                                                              ; Off                ; Off                ;
; Extract Verilog State Machines                                                  ; On                 ; On                 ;
; Extract VHDL State Machines                                                     ; On                 ; On                 ;
; Ignore Verilog initial constructs                                               ; Off                ; Off                ;
; Iteration limit for constant Verilog loops                                      ; 5000               ; 5000               ;
; Iteration limit for non-constant Verilog loops                                  ; 250                ; 250                ;
; Add Pass-Through Logic to Inferred RAMs                                         ; On                 ; On                 ;
; Infer RAMs from Raw Logic                                                       ; On                 ; On                 ;
; Parallel Synthesis                                                              ; On                 ; On                 ;
; DSP Block Balancing                                                             ; Auto               ; Auto               ;
; NOT Gate Push-Back                                                              ; On                 ; On                 ;
; Power-Up Don't Care                                                             ; On                 ; On                 ;
; Remove Redundant Logic Cells                                                    ; Off                ; Off                ;
; Remove Duplicate Registers                                                      ; On                 ; On                 ;
; Ignore CARRY Buffers                                                            ; Off                ; Off                ;
; Ignore CASCADE Buffers                                                          ; Off                ; Off                ;
; Ignore GLOBAL Buffers                                                           ; Off                ; Off                ;
; Ignore ROW GLOBAL Buffers                                                       ; Off                ; Off                ;
; Ignore LCELL Buffers                                                            ; Off                ; Off                ;
; Ignore SOFT Buffers                                                             ; On                 ; On                 ;
; Limit AHDL Integers to 32 Bits                                                  ; Off                ; Off                ;
; Optimization Technique                                                          ; Balanced           ; Balanced           ;
; Carry Chain Length                                                              ; 70                 ; 70                 ;
; Auto Carry Chains                                                               ; On                 ; On                 ;
; Auto Open-Drain Pins                                                            ; On                 ; On                 ;
; Perform WYSIWYG Primitive Resynthesis                                           ; Off                ; Off                ;
; Auto ROM Replacement                                                            ; On                 ; On                 ;
; Auto RAM Replacement                                                            ; On                 ; On                 ;
; Auto DSP Block Replacement                                                      ; On                 ; On                 ;
; Auto Shift Register Replacement                                                 ; Auto               ; Auto               ;
; Allow Shift Register Merging across Hierarchies                                 ; Auto               ; Auto               ;
; Auto Clock Enable Replacement                                                   ; On                 ; On                 ;
; Strict RAM Replacement                                                          ; Off                ; Off                ;
; Allow Synchronous Control Signals                                               ; On                 ; On                 ;
; Force Use of Synchronous Clear Signals                                          ; Off                ; Off                ;
; Auto RAM Block Balancing                                                        ; On                 ; On                 ;
; Auto RAM to Logic Cell Conversion                                               ; Off                ; Off                ;
; Auto Resource Sharing                                                           ; Off                ; Off                ;
; Allow Any RAM Size For Recognition                                              ; Off                ; Off                ;
; Allow Any ROM Size For Recognition                                              ; Off                ; Off                ;
; Allow Any Shift Register Size For Recognition                                   ; Off                ; Off                ;
; Use LogicLock Constraints during Resource Balancing                             ; On                 ; On                 ;
; Ignore translate_off and synthesis_off directives                               ; Off                ; Off                ;
; Timing-Driven Synthesis                                                         ; On                 ; On                 ;
; Report Parameter Settings                                                       ; On                 ; On                 ;
; Report Source Assignments                                                       ; On                 ; On                 ;
; Report Connectivity Checks                                                      ; On                 ; On                 ;
; Ignore Maximum Fan-Out Assignments                                              ; Off                ; Off                ;
; Synchronization Register Chain Length                                           ; 3                  ; 3                  ;
; PowerPlay Power Optimization                                                    ; Normal compilation ; Normal compilation ;
; HDL message level                                                               ; Level2             ; Level2             ;
; Suppress Register Optimization Related Messages                                 ; Off                ; Off                ;
; Number of Removed Registers Reported in Synthesis Report                        ; 5000               ; 5000               ;
; Number of Swept Nodes Reported in Synthesis Report                              ; 5000               ; 5000               ;
; Number of Inverted Registers Reported in Synthesis Report                       ; 100                ; 100                ;
; Clock MUX Protection                                                            ; On                 ; On                 ;
; Auto Gated Clock Conversion                                                     ; Off                ; Off                ;
; Block Design Naming                                                             ; Auto               ; Auto               ;
; SDC constraint protection                                                       ; Off                ; Off                ;
; Synthesis Effort                                                                ; Auto               ; Auto               ;
; Shift Register Replacement - Allow Asynchronous Clear Signal                    ; On                 ; On                 ;
; Pre-Mapping Resynthesis Optimization                                            ; Off                ; Off                ;
; Analysis & Synthesis Message Level                                              ; Medium             ; Medium             ;
; Disable Register Merging Across Hierarchies                                     ; Auto               ; Auto               ;
; Resource Aware Inference For Block RAM                                          ; On                 ; On                 ;
; Synthesis Seed                                                                  ; 1                  ; 1                  ;
+---------------------------------------------------------------------------------+--------------------+--------------------+


+------------------------------------------+
; Parallel Compilation                     ;
+----------------------------+-------------+
; Processors                 ; Number      ;
+----------------------------+-------------+
; Number detected on machine ; 8           ;
; Maximum allowed            ; 4           ;
;                            ;             ;
; Average used               ; 1.00        ;
; Maximum used               ; 1           ;
;                            ;             ;
; Usage by Processor         ; % Time Used ;
;     Processor 1            ; 100.0%      ;
;     Processors 2-8         ;   0.0%      ;
+----------------------------+-------------+


+--------------------------------------------------------------------------------------------------------------------------------------------------------------+
; Analysis & Synthesis Source Files Read                                                                                                                       ;
+----------------------------------+-----------------+------------------------+----------------------------------------------------------------------+---------+
; File Name with User-Entered Path ; Used in Netlist ; File Type              ; File Name with Absolute Path                                         ; Library ;
+----------------------------------+-----------------+------------------------+----------------------------------------------------------------------+---------+
; rle.v                            ; yes             ; User Verilog HDL File  ; C:/Users/James Tang/Documents/GitHub/ECE_111_RLE_ENCODING_JTDS/rle.v ;         ;
+----------------------------------+-----------------+------------------------+----------------------------------------------------------------------+---------+


+-----------------------------------------------------------+
; Analysis & Synthesis Resource Usage Summary               ;
+-----------------------------------------------+-----------+
; Resource                                      ; Usage     ;
+-----------------------------------------------+-----------+
; Estimated ALUTs Used                          ; 109       ;
;     -- Combinational ALUTs                    ; 109       ;
;     -- Memory ALUTs                           ; 0         ;
;     -- LUT_REGs                               ; 0         ;
; Dedicated logic registers                     ; 168       ;
;                                               ;           ;
; Estimated ALUTs Unavailable                   ; 0         ;
;     -- Due to unpartnered combinational logic ; 0         ;
;     -- Due to Memory ALUTs                    ; 0         ;
;                                               ;           ;
; Total combinational functions                 ; 109       ;
; Combinational ALUT usage by number of inputs  ;           ;
;     -- 7 input functions                      ; 0         ;
;     -- 6 input functions                      ; 26        ;
;     -- 5 input functions                      ; 1         ;
;     -- 4 input functions                      ; 1         ;
;     -- <=3 input functions                    ; 81        ;
;                                               ;           ;
; Combinational ALUTs by mode                   ;           ;
;     -- normal mode                            ; 63        ;
;     -- extended LUT mode                      ; 0         ;
;     -- arithmetic mode                        ; 46        ;
;     -- shared arithmetic mode                 ; 0         ;
;                                               ;           ;
; Estimated ALUT/register pairs used            ; 183       ;
;                                               ;           ;
; Total registers                               ; 168       ;
;     -- Dedicated logic registers              ; 168       ;
;     -- I/O registers                          ; 0         ;
;     -- LUT_REGs                               ; 0         ;
;                                               ;           ;
;                                               ;           ;
; I/O pins                                      ; 214       ;
; DSP block 18-bit elements                     ; 0         ;
; Maximum fan-out node                          ; clk~input ;
; Maximum fan-out                               ; 169       ;
; Total fan-out                                 ; 1318      ;
; Average fan-out                               ; 1.87      ;
+-----------------------------------------------+-----------+


+-----------------------------------------------------------------------------------------------------------------------------------------------------------------------------------------------------------+
; Analysis & Synthesis Resource Utilization by Entity                                                                                                                                                       ;
+----------------------------+-------------------+--------------+-------------------+--------------+---------+-----------+-----------+-----------+------+--------------+---------------------+--------------+
; Compilation Hierarchy Node ; LC Combinationals ; LC Registers ; Block Memory Bits ; DSP Elements ; DSP 9x9 ; DSP 12x12 ; DSP 18x18 ; DSP 36x36 ; Pins ; Virtual Pins ; Full Hierarchy Name ; Library Name ;
+----------------------------+-------------------+--------------+-------------------+--------------+---------+-----------+-----------+-----------+------+--------------+---------------------+--------------+
; |rle                       ; 109 (109)         ; 168 (168)    ; 0                 ; 0            ; 0       ; 0         ; 0         ; 0         ; 214  ; 0            ; |rle                ; work         ;
+----------------------------+-------------------+--------------+-------------------+--------------+---------+-----------+-----------+-----------+------+--------------+---------------------+--------------+
Note: For table entries with two numbers listed, the numbers in parentheses indicate the number of resources of the given type used by the specific entity alone. The numbers listed outside of parentheses indicate the total resources of the given type used by the specific entity and all of its sub-entities in the hierarchy.


Encoding Type:  One-Hot
+-----------------------------------------------------------------------------------+
; State Machine - |rle|initialcounter                                               ;
+--------------------+--------------------+--------------------+--------------------+
; Name               ; initialcounter.000 ; initialcounter.010 ; initialcounter.001 ;
+--------------------+--------------------+--------------------+--------------------+
; initialcounter.000 ; 0                  ; 0                  ; 0                  ;
; initialcounter.001 ; 1                  ; 0                  ; 1                  ;
; initialcounter.010 ; 1                  ; 1                  ; 0                  ;
+--------------------+--------------------+--------------------+--------------------+


+---------------------------------------------------------------------------------+
; Registers Removed During Synthesis                                              ;
+----------------------------------------+----------------------------------------+
; Register name                          ; Reason for Removal                     ;
+----------------------------------------+----------------------------------------+
; rle_size[0]~reg0                       ; Stuck at GND due to stuck port data_in ;
; temp[39]                               ; Merged with bytecount[7]               ;
; temp[38]                               ; Merged with bytecount[6]               ;
; temp[37]                               ; Merged with bytecount[5]               ;
; temp[36]                               ; Merged with bytecount[4]               ;
; temp[35]                               ; Merged with bytecount[3]               ;
; temp[34]                               ; Merged with bytecount[2]               ;
; temp[33]                               ; Merged with bytecount[1]               ;
; temp[32]                               ; Merged with bytecount[0]               ;
; rle_size[1]~reg0                       ; Stuck at GND due to stuck port data_in ;
; done~reg0                              ; Stuck at GND due to stuck port data_in ;
; port_A_we~reg0                         ; Stuck at GND due to stuck port data_in ;
; write                                  ; Stuck at GND due to stuck port data_in ;
; rleplace[0]                            ; Lost fanout                            ;
; messagestart[0]                        ; Lost fanout                            ;
; rleplace[1]                            ; Lost fanout                            ;
; messagestart[1]                        ; Lost fanout                            ;
; rleplace[2]                            ; Lost fanout                            ;
; messagestart[2]                        ; Lost fanout                            ;
; rleplace[3]                            ; Lost fanout                            ;
; messagestart[3]                        ; Lost fanout                            ;
; rleplace[4]                            ; Lost fanout                            ;
; messagestart[4]                        ; Lost fanout                            ;
; rleplace[5]                            ; Lost fanout                            ;
; messagestart[5]                        ; Lost fanout                            ;
; rleplace[6]                            ; Lost fanout                            ;
; messagestart[6]                        ; Lost fanout                            ;
; rleplace[7]                            ; Lost fanout                            ;
; messagestart[7]                        ; Lost fanout                            ;
; rleplace[8]                            ; Lost fanout                            ;
; messagestart[8]                        ; Lost fanout                            ;
; rleplace[9]                            ; Lost fanout                            ;
; messagestart[9]                        ; Lost fanout                            ;
; rleplace[10]                           ; Lost fanout                            ;
; messagestart[10]                       ; Lost fanout                            ;
; rleplace[11]                           ; Lost fanout                            ;
; messagestart[11]                       ; Lost fanout                            ;
; rleplace[12]                           ; Lost fanout                            ;
; messagestart[12]                       ; Lost fanout                            ;
; rleplace[13]                           ; Lost fanout                            ;
; messagestart[13]                       ; Lost fanout                            ;
; rleplace[14]                           ; Lost fanout                            ;
; messagestart[14]                       ; Lost fanout                            ;
; rleplace[15]                           ; Lost fanout                            ;
; messagestart[15]                       ; Lost fanout                            ;
; rleplace[16..31]                       ; Lost fanout                            ;
; messagestart[16..31]                   ; Lost fanout                            ;
; readcheck                              ; Lost fanout                            ;
; initialcounter~4                       ; Lost fanout                            ;
; initialcounter.001                     ; Lost fanout                            ;
; initialcounter.000                     ; Lost fanout                            ;
; Total Number of Removed Registers = 81 ;                                        ;
+----------------------------------------+----------------------------------------+


+------------------------------------------------------+
; General Register Statistics                          ;
+----------------------------------------------+-------+
; Statistic                                    ; Value ;
+----------------------------------------------+-------+
; Total registers                              ; 168   ;
; Number of registers using Synchronous Clear  ; 150   ;
; Number of registers using Synchronous Load   ; 8     ;
; Number of registers using Asynchronous Clear ; 0     ;
; Number of registers using Asynchronous Load  ; 0     ;
; Number of registers using Clock Enable       ; 166   ;
; Number of registers using Preset             ; 0     ;
+----------------------------------------------+-------+


+------------------------------------------------------------------------------------------------------------------------------------------+
; Multiplexer Restructuring Statistics (Restructuring Performed)                                                                           ;
+--------------------+-----------+---------------+----------------------+------------------------+------------+----------------------------+
; Multiplexer Inputs ; Bus Width ; Baseline Area ; Area if Restructured ; Saving if Restructured ; Registered ; Example Multiplexer Output ;
+--------------------+-----------+---------------+----------------------+------------------------+------------+----------------------------+
; 4:1                ; 8 bits    ; 16 ALUTs      ; 0 ALUTs              ; 16 ALUTs               ; Yes        ; |rle|bytecount[3]          ;
; 5:1                ; 32 bits   ; 96 ALUTs      ; 0 ALUTs              ; 96 ALUTs               ; Yes        ; |rle|temp[11]              ;
; 5:1                ; 30 bits   ; 90 ALUTs      ; 0 ALUTs              ; 90 ALUTs               ; Yes        ; |rle|messagestart[26]      ;
; 5:1                ; 8 bits    ; 24 ALUTs      ; 0 ALUTs              ; 24 ALUTs               ; Yes        ; |rle|shiftcount[0]         ;
; 5:1                ; 30 bits   ; 90 ALUTs      ; 0 ALUTs              ; 90 ALUTs               ; Yes        ; |rle|rleplace[2]           ;
; 6:1                ; 16 bits   ; 64 ALUTs      ; 32 ALUTs             ; 32 ALUTs               ; Yes        ; |rle|port_A_addr[15]~reg0  ;
; 6:1                ; 30 bits   ; 120 ALUTs     ; 30 ALUTs             ; 90 ALUTs               ; Yes        ; |rle|rle_size[12]~reg0     ;
; 7:1                ; 8 bits    ; 32 ALUTs      ; 0 ALUTs              ; 32 ALUTs               ; Yes        ; |rle|temp[6]               ;
; 6:1                ; 32 bits   ; 128 ALUTs     ; 0 ALUTs              ; 128 ALUTs              ; Yes        ; |rle|readin[43]            ;
; 6:1                ; 8 bits    ; 32 ALUTs      ; 0 ALUTs              ; 32 ALUTs               ; Yes        ; |rle|readin[25]            ;
; 6:1                ; 24 bits   ; 96 ALUTs      ; 48 ALUTs             ; 48 ALUTs               ; Yes        ; |rle|readin[3]             ;
; 3:1                ; 3 bits    ; 6 ALUTs       ; 3 ALUTs              ; 3 ALUTs                ; No         ; |rle|initialcounter        ;
+--------------------+-----------+---------------+----------------------+------------------------+------------+----------------------------+


+-------------------------------+
; Elapsed Time Per Partition    ;
+----------------+--------------+
; Partition Name ; Elapsed Time ;
+----------------+--------------+
; Top            ; 00:00:00     ;
+----------------+--------------+


+-------------------------------+
; Analysis & Synthesis Messages ;
+-------------------------------+
Info: *******************************************************************
Info: Running Quartus II 64-Bit Analysis & Synthesis
    Info: Version 13.1.0 Build 162 10/23/2013 SJ Web Edition
    Info: Processing started: Sun May 04 17:11:59 2014
Info: Command: quartus_map --read_settings_files=on --write_settings_files=off rle -c rle
Info (11104): Parallel Compilation has detected 8 hyper-threaded processors. However, the extra hyper-threaded processors will not be used by default. Parallel Compilation will use 4 of the 4 physical processors detected instead.
Info (12021): Found 1 design units, including 1 entities, in source file rle_testbench.v
    Info (12023): Found entity 1: rle_testbench
Info (12021): Found 1 design units, including 1 entities, in source file rle.v
    Info (12023): Found entity 1: rle
Warning (12019): Can't analyze file -- file VerilogTest.v is missing
Info (12127): Elaborating entity "rle" for the top level hierarchy
Warning (10036): Verilog HDL or VHDL warning at rle.v(58): object "readtemp" assigned a value but never read
Warning (10175): Verilog HDL warning at rle.v(82): ignoring unsupported system task
Warning (10175): Verilog HDL warning at rle.v(88): ignoring unsupported system task
Warning (10175): Verilog HDL warning at rle.v(93): ignoring unsupported system task
Warning (10230): Verilog HDL assignment warning at rle.v(98): truncated value with size 32 to match size of target (16)
Warning (10230): Verilog HDL assignment warning at rle.v(103): truncated value with size 32 to match size of target (8)
Warning (10230): Verilog HDL assignment warning at rle.v(105): truncated value with size 32 to match size of target (8)
Warning (10230): Verilog HDL assignment warning at rle.v(127): truncated value with size 32 to match size of target (16)
Warning (10230): Verilog HDL assignment warning at rle.v(135): truncated value with size 32 to match size of target (8)
Warning (10230): Verilog HDL assignment warning at rle.v(139): truncated value with size 32 to match size of target (16)
Warning (10230): Verilog HDL assignment warning at rle.v(147): truncated value with size 32 to match size of target (8)
Warning (10230): Verilog HDL assignment warning at rle.v(151): truncated value with size 32 to match size of target (16)
Warning (10230): Verilog HDL assignment warning at rle.v(185): truncated value with size 32 to match size of target (16)
Warning (13024): Output pins are stuck at VCC or GND
    Warning (13410): Pin "rle_size[0]" is stuck at GND
    Warning (13410): Pin "rle_size[1]" is stuck at GND
    Warning (13410): Pin "done" is stuck at GND
    Warning (13410): Pin "port_A_we" is stuck at GND
Info (286030): Timing-Driven Synthesis is running
Info (17049): 68 registers lost all their fanouts during netlist optimizations.
Info (16010): Generating hard_block partition "hard_block:auto_generated_inst"
    Info (16011): Adding 0 node(s), including 0 DDIO, 0 PLL, 0 transceiver and 0 LCELL
Warning (21074): Design contains 80 input pin(s) that do not drive logic
    Warning (15610): No output dependent on input pin "message_size[31]"
    Warning (15610): No output dependent on input pin "message_size[30]"
    Warning (15610): No output dependent on input pin "message_size[29]"
    Warning (15610): No output dependent on input pin "message_size[28]"
    Warning (15610): No output dependent on input pin "message_size[27]"
    Warning (15610): No output dependent on input pin "message_size[26]"
    Warning (15610): No output dependent on input pin "message_size[25]"
    Warning (15610): No output dependent on input pin "message_size[24]"
    Warning (15610): No output dependent on input pin "message_size[23]"
    Warning (15610): No output dependent on input pin "message_size[22]"
    Warning (15610): No output dependent on input pin "message_size[21]"
    Warning (15610): No output dependent on input pin "message_size[20]"
    Warning (15610): No output dependent on input pin "message_size[19]"
    Warning (15610): No output dependent on input pin "message_size[18]"
    Warning (15610): No output dependent on input pin "message_size[17]"
    Warning (15610): No output dependent on input pin "message_size[16]"
    Warning (15610): No output dependent on input pin "message_size[15]"
    Warning (15610): No output dependent on input pin "message_size[14]"
    Warning (15610): No output dependent on input pin "message_size[13]"
    Warning (15610): No output dependent on input pin "message_size[12]"
    Warning (15610): No output dependent on input pin "message_size[11]"
    Warning (15610): No output dependent on input pin "message_size[10]"
    Warning (15610): No output dependent on input pin "message_size[9]"
    Warning (15610): No output dependent on input pin "message_size[8]"
    Warning (15610): No output dependent on input pin "message_size[7]"
    Warning (15610): No output dependent on input pin "message_size[6]"
    Warning (15610): No output dependent on input pin "message_size[5]"
    Warning (15610): No output dependent on input pin "message_size[4]"
    Warning (15610): No output dependent on input pin "message_size[3]"
    Warning (15610): No output dependent on input pin "message_size[2]"
    Warning (15610): No output dependent on input pin "message_size[1]"
    Warning (15610): No output dependent on input pin "message_size[0]"
    Warning (15610): No output dependent on input pin "rle_addr[0]"
    Warning (15610): No output dependent on input pin "rle_addr[1]"
    Warning (15610): No output dependent on input pin "rle_addr[2]"
    Warning (15610): No output dependent on input pin "rle_addr[3]"
    Warning (15610): No output dependent on input pin "rle_addr[4]"
    Warning (15610): No output dependent on input pin "rle_addr[5]"
    Warning (15610): No output dependent on input pin "rle_addr[6]"
    Warning (15610): No output dependent on input pin "rle_addr[7]"
    Warning (15610): No output dependent on input pin "rle_addr[8]"
    Warning (15610): No output dependent on input pin "rle_addr[9]"
    Warning (15610): No output dependent on input pin "rle_addr[10]"
    Warning (15610): No output dependent on input pin "rle_addr[11]"
    Warning (15610): No output dependent on input pin "rle_addr[12]"
    Warning (15610): No output dependent on input pin "rle_addr[13]"
    Warning (15610): No output dependent on input pin "rle_addr[14]"
    Warning (15610): No output dependent on input pin "rle_addr[15]"
    Warning (15610): No output dependent on input pin "rle_addr[31]"
    Warning (15610): No output dependent on input pin "rle_addr[30]"
    Warning (15610): No output dependent on input pin "rle_addr[29]"
    Warning (15610): No output dependent on input pin "rle_addr[28]"
    Warning (15610): No output dependent on input pin "rle_addr[27]"
    Warning (15610): No output dependent on input pin "rle_addr[26]"
    Warning (15610): No output dependent on input pin "rle_addr[25]"
    Warning (15610): No output dependent on input pin "rle_addr[24]"
    Warning (15610): No output dependent on input pin "rle_addr[23]"
    Warning (15610): No output dependent on input pin "rle_addr[22]"
    Warning (15610): No output dependent on input pin "rle_addr[21]"
    Warning (15610): No output dependent on input pin "rle_addr[20]"
    Warning (15610): No output dependent on input pin "rle_addr[19]"
    Warning (15610): No output dependent on input pin "rle_addr[18]"
    Warning (15610): No output dependent on input pin "rle_addr[17]"
    Warning (15610): No output dependent on input pin "rle_addr[16]"
    Warning (15610): No output dependent on input pin "message_addr[31]"
    Warning (15610): No output dependent on input pin "message_addr[30]"
    Warning (15610): No output dependent on input pin "message_addr[29]"
    Warning (15610): No output dependent on input pin "message_addr[28]"
    Warning (15610): No output dependent on input pin "message_addr[27]"
    Warning (15610): No output dependent on input pin "message_addr[26]"
    Warning (15610): No output dependent on input pin "message_addr[25]"
    Warning (15610): No output dependent on input pin "message_addr[24]"
    Warning (15610): No output dependent on input pin "message_addr[23]"
    Warning (15610): No output dependent on input pin "message_addr[22]"
    Warning (15610): No output dependent on input pin "message_addr[21]"
    Warning (15610): No output dependent on input pin "message_addr[20]"
    Warning (15610): No output dependent on input pin "message_addr[19]"
    Warning (15610): No output dependent on input pin "message_addr[18]"
    Warning (15610): No output dependent on input pin "message_addr[17]"
    Warning (15610): No output dependent on input pin "message_addr[16]"
Info (21057): Implemented 419 device resources after synthesis - the final resource count might be different
    Info (21058): Implemented 131 input pins
    Info (21059): Implemented 83 output pins
    Info (21061): Implemented 205 logic cells
Info: Quartus II 64-Bit Analysis & Synthesis was successful. 0 errors, 100 warnings
    Info: Peak virtual memory: 572 megabytes
    Info: Processing ended: Sun May 04 17:12:01 2014
    Info: Elapsed time: 00:00:02
    Info: Total CPU time (on all processors): 00:00:02


